[debug] [2020-08-06T22:04:43.659Z] ----------------------------------------------------------------------
[debug] [2020-08-06T22:04:43.662Z] Command:       /usr/local/bin/node /usr/local/bin/firebase deploy
[debug] [2020-08-06T22:04:43.662Z] CLI Version:   8.6.0
[debug] [2020-08-06T22:04:43.663Z] Platform:      darwin
[debug] [2020-08-06T22:04:43.663Z] Node Version:  v12.13.1
[debug] [2020-08-06T22:04:43.670Z] Time:          Fri Aug 07 2020 06:04:43 GMT+0800 (Central Indonesia Time)
[debug] [2020-08-06T22:04:43.670Z] ----------------------------------------------------------------------
[debug] [2020-08-06T22:04:43.670Z] 
[debug] [2020-08-06T22:04:43.682Z] > command requires scopes: ["email","openid","https://www.googleapis.com/auth/cloudplatformprojects.readonly","https://www.googleapis.com/auth/firebase","https://www.googleapis.com/auth/cloud-platform"]
[debug] [2020-08-06T22:04:43.683Z] > authorizing via signed-in user
[debug] [2020-08-06T22:04:43.683Z] [iam] checking project manadopost-f4a67 for permissions ["cloudfunctions.functions.create","cloudfunctions.functions.delete","cloudfunctions.functions.get","cloudfunctions.functions.list","cloudfunctions.functions.update","cloudfunctions.operations.get","firebase.projects.get"]
[debug] [2020-08-06T22:04:43.689Z] >>> HTTP REQUEST POST https://cloudresourcemanager.googleapis.com/v1/projects/manadopost-f4a67:testIamPermissions  
 {"permissions":["cloudfunctions.functions.create","cloudfunctions.functions.delete","cloudfunctions.functions.get","cloudfunctions.functions.list","cloudfunctions.functions.update","cloudfunctions.operations.get","firebase.projects.get"]}
[debug] [2020-08-06T22:04:45.216Z] <<< HTTP RESPONSE 200 {"content-type":"application/json; charset=UTF-8","vary":"X-Origin, Referer, Origin,Accept-Encoding","date":"Thu, 06 Aug 2020 22:04:45 GMT","server":"ESF","cache-control":"private","x-xss-protection":"0","x-frame-options":"SAMEORIGIN","x-content-type-options":"nosniff","server-timing":"gfet4t7; dur=940","alt-svc":"h3-29=\":443\"; ma=2592000,h3-27=\":443\"; ma=2592000,h3-T050=\":443\"; ma=2592000,h3-Q050=\":443\"; ma=2592000,h3-Q046=\":443\"; ma=2592000,h3-Q043=\":443\"; ma=2592000,quic=\":443\"; ma=2592000; v=\"46,43\"","accept-ranges":"none","transfer-encoding":"chunked"}
[debug] [2020-08-06T22:04:45.219Z] >>> HTTP REQUEST POST https://iam.googleapis.com/v1/projects/manadopost-f4a67/serviceAccounts/manadopost-f4a67@appspot.gserviceaccount.com:testIamPermissions  
 {"permissions":["iam.serviceAccounts.actAs"]}
[debug] [2020-08-06T22:04:46.695Z] <<< HTTP RESPONSE 200 {"content-type":"application/json; charset=UTF-8","vary":"X-Origin, Referer, Origin,Accept-Encoding","date":"Thu, 06 Aug 2020 22:04:46 GMT","server":"ESF","cache-control":"private","x-xss-protection":"0","x-frame-options":"SAMEORIGIN","x-content-type-options":"nosniff","alt-svc":"h3-29=\":443\"; ma=2592000,h3-27=\":443\"; ma=2592000,h3-T050=\":443\"; ma=2592000,h3-Q050=\":443\"; ma=2592000,h3-Q046=\":443\"; ma=2592000,h3-Q043=\":443\"; ma=2592000,quic=\":443\"; ma=2592000; v=\"46,43\"","accept-ranges":"none","transfer-encoding":"chunked"}
[info] 
[info] === Deploying to 'manadopost-f4a67'...
[info] 
[info] i  deploying functions 
[info] Running command: npm --prefix "$RESOURCE_DIR" run lint
[info] ✔  functions: Finished running predeploy script. 
[debug] [2020-08-06T22:04:51.017Z] > [functions] package.json contents: {
  "name": "functions",
  "description": "Cloud Functions for Firebase",
  "scripts": {
    "lint": "eslint .",
    "serve": "firebase emulators:start --only functions",
    "shell": "firebase functions:shell",
    "start": "npm run shell",
    "deploy": "firebase deploy --only functions",
    "logs": "firebase functions:log"
  },
  "engines": {
    "node": "10"
  },
  "dependencies": {
    "axios": "^0.19.2",
    "firebase-admin": "^8.10.0",
    "firebase-functions": "^3.6.1"
  },
  "devDependencies": {
    "eslint": "^5.12.0",
    "eslint-plugin-promise": "^4.0.1",
    "firebase-functions-test": "^0.2.0"
  },
  "private": true
}
[info] i  functions: ensuring required API cloudfunctions.googleapis.com is enabled... 
[info] i  functions: ensuring required API cloudbuild.googleapis.com is enabled... 
[debug] [2020-08-06T22:04:52.040Z] >>> HTTP REQUEST GET https://serviceusage.googleapis.com/v1/projects/manadopost-f4a67/services/cloudfunctions.googleapis.com  
 
[debug] [2020-08-06T22:04:52.040Z] >>> HTTP REQUEST GET https://serviceusage.googleapis.com/v1/projects/manadopost-f4a67/services/runtimeconfig.googleapis.com  
 
[debug] [2020-08-06T22:04:52.041Z] >>> HTTP REQUEST GET https://serviceusage.googleapis.com/v1/projects/manadopost-f4a67/services/cloudbuild.googleapis.com  
 
[debug] [2020-08-06T22:04:53.497Z] <<< HTTP RESPONSE 200 {"content-type":"application/json; charset=UTF-8","vary":"X-Origin, Referer, Origin,Accept-Encoding","date":"Thu, 06 Aug 2020 22:04:53 GMT","server":"ESF","cache-control":"private","x-xss-protection":"0","x-frame-options":"SAMEORIGIN","x-content-type-options":"nosniff","alt-svc":"h3-29=\":443\"; ma=2592000,h3-27=\":443\"; ma=2592000,h3-T050=\":443\"; ma=2592000,h3-Q050=\":443\"; ma=2592000,h3-Q046=\":443\"; ma=2592000,h3-Q043=\":443\"; ma=2592000,quic=\":443\"; ma=2592000; v=\"46,43\"","accept-ranges":"none","transfer-encoding":"chunked"}
[debug] [2020-08-06T22:04:53.534Z] <<< HTTP RESPONSE 200 {"content-type":"application/json; charset=UTF-8","vary":"X-Origin, Referer, Origin,Accept-Encoding","date":"Thu, 06 Aug 2020 22:04:53 GMT","server":"ESF","cache-control":"private","x-xss-protection":"0","x-frame-options":"SAMEORIGIN","x-content-type-options":"nosniff","alt-svc":"h3-29=\":443\"; ma=2592000,h3-27=\":443\"; ma=2592000,h3-T050=\":443\"; ma=2592000,h3-Q050=\":443\"; ma=2592000,h3-Q046=\":443\"; ma=2592000,h3-Q043=\":443\"; ma=2592000,quic=\":443\"; ma=2592000; v=\"46,43\"","accept-ranges":"none","transfer-encoding":"chunked"}
[info] ✔  functions: required API cloudbuild.googleapis.com is enabled 
[debug] [2020-08-06T22:04:53.594Z] <<< HTTP RESPONSE 200 {"content-type":"application/json; charset=UTF-8","vary":"X-Origin, Referer, Origin,Accept-Encoding","date":"Thu, 06 Aug 2020 22:04:53 GMT","server":"ESF","cache-control":"private","x-xss-protection":"0","x-frame-options":"SAMEORIGIN","x-content-type-options":"nosniff","alt-svc":"h3-29=\":443\"; ma=2592000,h3-27=\":443\"; ma=2592000,h3-T050=\":443\"; ma=2592000,h3-Q050=\":443\"; ma=2592000,h3-Q046=\":443\"; ma=2592000,h3-Q043=\":443\"; ma=2592000,quic=\":443\"; ma=2592000; v=\"46,43\"","accept-ranges":"none","transfer-encoding":"chunked"}
[info] ✔  functions: required API cloudfunctions.googleapis.com is enabled 
[debug] [2020-08-06T22:04:53.595Z] >>> HTTP REQUEST GET https://firebase.googleapis.com/v1beta1/projects/manadopost-f4a67/adminSdkConfig  
 
[debug] [2020-08-06T22:04:54.376Z] <<< HTTP RESPONSE 200 {"content-type":"application/json; charset=UTF-8","vary":"X-Origin, Referer, Origin,Accept-Encoding","date":"Thu, 06 Aug 2020 22:04:54 GMT","server":"ESF","cache-control":"private","x-xss-protection":"0","x-frame-options":"SAMEORIGIN","x-content-type-options":"nosniff","alt-svc":"h3-29=\":443\"; ma=2592000,h3-27=\":443\"; ma=2592000,h3-T050=\":443\"; ma=2592000,h3-Q050=\":443\"; ma=2592000,h3-Q046=\":443\"; ma=2592000,h3-Q043=\":443\"; ma=2592000,quic=\":443\"; ma=2592000; v=\"46,43\"","accept-ranges":"none","transfer-encoding":"chunked"}
[info] i  functions: preparing functions directory for uploading... 
[debug] [2020-08-06T22:04:54.379Z] >>> HTTP REQUEST GET https://runtimeconfig.googleapis.com/v1beta1/projects/manadopost-f4a67/configs  
 
[debug] [2020-08-06T22:04:55.194Z] <<< HTTP RESPONSE 200 {"content-type":"application/json; charset=UTF-8","vary":"X-Origin, Referer, Origin,Accept-Encoding","date":"Thu, 06 Aug 2020 22:04:54 GMT","server":"ESF","cache-control":"private","x-xss-protection":"0","x-frame-options":"SAMEORIGIN","x-content-type-options":"nosniff","alt-svc":"h3-29=\":443\"; ma=2592000,h3-27=\":443\"; ma=2592000,h3-T050=\":443\"; ma=2592000,h3-Q050=\":443\"; ma=2592000,h3-Q046=\":443\"; ma=2592000,h3-Q043=\":443\"; ma=2592000,quic=\":443\"; ma=2592000; v=\"46,43\"","accept-ranges":"none","transfer-encoding":"chunked"}
[info] i  functions: packaged functions (41.23 KB) for uploading 
[debug] [2020-08-06T22:04:55.383Z] >>> HTTP REQUEST GET https://cloudfunctions.googleapis.com/v1/projects/manadopost-f4a67/locations/-/functions  
 
[debug] [2020-08-06T22:04:56.321Z] <<< HTTP RESPONSE 200 {"content-type":"application/json; charset=UTF-8","vary":"X-Origin, Referer, Origin,Accept-Encoding","date":"Thu, 06 Aug 2020 22:04:56 GMT","server":"ESF","cache-control":"private","x-xss-protection":"0","x-frame-options":"SAMEORIGIN","x-content-type-options":"nosniff","alt-svc":"h3-29=\":443\"; ma=2592000,h3-27=\":443\"; ma=2592000,h3-T050=\":443\"; ma=2592000,h3-Q050=\":443\"; ma=2592000,h3-Q046=\":443\"; ma=2592000,h3-Q043=\":443\"; ma=2592000,quic=\":443\"; ma=2592000; v=\"46,43\"","accept-ranges":"none","transfer-encoding":"chunked"}
[debug] [2020-08-06T22:04:56.325Z] >>> HTTP REQUEST POST https://cloudfunctions.googleapis.com/v1/projects/manadopost-f4a67/locations/us-central1/functions:generateUploadUrl  
 
[debug] [2020-08-06T22:04:57.141Z] <<< HTTP RESPONSE 200 {"content-type":"application/json; charset=UTF-8","vary":"X-Origin, Referer, Origin,Accept-Encoding","date":"Thu, 06 Aug 2020 22:04:57 GMT","server":"ESF","cache-control":"private","x-xss-protection":"0","x-frame-options":"SAMEORIGIN","x-content-type-options":"nosniff","alt-svc":"h3-29=\":443\"; ma=2592000,h3-27=\":443\"; ma=2592000,h3-T050=\":443\"; ma=2592000,h3-Q050=\":443\"; ma=2592000,h3-Q046=\":443\"; ma=2592000,h3-Q043=\":443\"; ma=2592000,quic=\":443\"; ma=2592000; v=\"46,43\"","accept-ranges":"none","transfer-encoding":"chunked"}
[debug] [2020-08-06T22:04:57.142Z] >>> HTTP REQUEST PUT https://storage.googleapis.com/gcf-upload-us-central1-c43eeef8-ceda-4ea3-8d8d-4a347bf5638c/7d1fbb1d-52f8-43bb-ad97-4344500cafbc.zip?GoogleAccessId=service-782626479856@gcf-admin-robot.iam.gserviceaccount.com&Expires=1596753296&Signature=XudBZmgi6XRTwf%2FQXjbGSytxjki9yixYxmhSplNbP20klHQe95GP4819oOhDUkYo49rdKHl6dNhf45xsTGtqdx04J0nS0VWMxx5CH8NDLuKjJWoveN6prdVajb%2BuTBbBRMXqrZJvbYkjKlnccMcLTLk%2BZfeHsZZlf26LwwhOgzzPSngjU3%2Bw5venwxN5Dn%2BrJFP8gPVpZqlS3cU5YnRSgtDM6X22%2FpmogS3mD7ZGmDqp5bLk1CBZ%2BVTxpS0PjQ%2FHCwJxnyEwUnZTjTQme3cz2GhRKLLLd%2FiLsAp6CMrM6ojrxjINnGZwRoWg%2FKnYfIW84Bbpk9uYxwziy8MDWFZtog%3D%3D  
 <request body omitted>
[debug] [2020-08-06T22:04:57.960Z] <<< HTTP RESPONSE 200 {"x-guploader-uploadid":"AAANsUnfAV6hi-ITd5lHlE7HsGFSHsnhEU3wOisX8rcWGNnPum8rcUdhbW5eYpTIzhsNXVZzyCxGLhNoXSrOp6R9q6Q","etag":"\"e8784e9f9102585cd728a31ea08ed3e7\"","x-goog-generation":"1596751497788219","x-goog-metageneration":"1","x-goog-hash":"crc32c=yTmEeg==, md5=6HhOn5ECWFzXKKMeoI7T5w==","x-goog-stored-content-length":"42217","x-goog-stored-content-encoding":"identity","vary":"Origin","content-length":"0","date":"Thu, 06 Aug 2020 22:04:57 GMT","server":"UploadServer","content-type":"text/html; charset=UTF-8","alt-svc":"h3-29=\":443\"; ma=2592000,h3-27=\":443\"; ma=2592000,h3-T050=\":443\"; ma=2592000,h3-Q050=\":443\"; ma=2592000,h3-Q046=\":443\"; ma=2592000,h3-Q043=\":443\"; ma=2592000,quic=\":443\"; ma=2592000; v=\"46,43\""}
[info] ✔  functions: functions folder uploaded successfully 
[info] i  functions: updating Node.js 10 function pushNotification(us-central1)... 
[debug] [2020-08-06T22:04:57.963Z] Trigger is:  {"httpsTrigger":{}}
[debug] [2020-08-06T22:04:57.964Z] >>> HTTP REQUEST PATCH https://cloudfunctions.googleapis.com/v1/projects/manadopost-f4a67/locations/us-central1/functions/pushNotification {"updateMask":"sourceUploadUrl,name,labels,runtime,environmentVariables,httpsTrigger"} 
 {"sourceUploadUrl":"https://storage.googleapis.com/gcf-upload-us-central1-c43eeef8-ceda-4ea3-8d8d-4a347bf5638c/7d1fbb1d-52f8-43bb-ad97-4344500cafbc.zip?GoogleAccessId=service-782626479856@gcf-admin-robot.iam.gserviceaccount.com&Expires=1596753296&Signature=XudBZmgi6XRTwf%2FQXjbGSytxjki9yixYxmhSplNbP20klHQe95GP4819oOhDUkYo49rdKHl6dNhf45xsTGtqdx04J0nS0VWMxx5CH8NDLuKjJWoveN6prdVajb%2BuTBbBRMXqrZJvbYkjKlnccMcLTLk%2BZfeHsZZlf26LwwhOgzzPSngjU3%2Bw5venwxN5Dn%2BrJFP8gPVpZqlS3cU5YnRSgtDM6X22%2FpmogS3mD7ZGmDqp5bLk1CBZ%2BVTxpS0PjQ%2FHCwJxnyEwUnZTjTQme3cz2GhRKLLLd%2FiLsAp6CMrM6ojrxjINnGZwRoWg%2FKnYfIW84Bbpk9uYxwziy8MDWFZtog%3D%3D","name":"projects/manadopost-f4a67/locations/us-central1/functions/pushNotification","labels":{"deployment-tool":"cli-firebase"},"httpsTrigger":{},"runtime":"nodejs10","environmentVariables":{"FIREBASE_CONFIG":"{\"projectId\":\"manadopost-f4a67\",\"databaseURL\":\"https://manadopost-f4a67.firebaseio.com\",\"storageBucket\":\"manadopost-f4a67.appspot.com\",\"locationId\":\"us-central\"}"}}
[debug] [2020-08-06T22:04:58.779Z] <<< HTTP RESPONSE 200 {"content-type":"application/json; charset=UTF-8","vary":"X-Origin, Referer, Origin,Accept-Encoding","date":"Thu, 06 Aug 2020 22:04:58 GMT","server":"ESF","cache-control":"private","x-xss-protection":"0","x-frame-options":"SAMEORIGIN","x-content-type-options":"nosniff","alt-svc":"h3-29=\":443\"; ma=2592000,h3-27=\":443\"; ma=2592000,h3-T050=\":443\"; ma=2592000,h3-Q050=\":443\"; ma=2592000,h3-Q046=\":443\"; ma=2592000,h3-Q043=\":443\"; ma=2592000,quic=\":443\"; ma=2592000; v=\"46,43\"","accept-ranges":"none","transfer-encoding":"chunked"}
[debug] [2020-08-06T22:04:58.780Z] >>> HTTP REQUEST GET https://cloudfunctions.googleapis.com/v1/projects/manadopost-f4a67/locations/-/functions  
 
[debug] [2020-08-06T22:04:59.370Z] <<< HTTP RESPONSE 200 {"content-type":"application/json; charset=UTF-8","vary":"X-Origin, Referer, Origin,Accept-Encoding","date":"Thu, 06 Aug 2020 22:04:59 GMT","server":"ESF","cache-control":"private","x-xss-protection":"0","x-frame-options":"SAMEORIGIN","x-content-type-options":"nosniff","alt-svc":"h3-29=\":443\"; ma=2592000,h3-27=\":443\"; ma=2592000,h3-T050=\":443\"; ma=2592000,h3-Q050=\":443\"; ma=2592000,h3-Q046=\":443\"; ma=2592000,h3-Q043=\":443\"; ma=2592000,quic=\":443\"; ma=2592000; v=\"46,43\"","accept-ranges":"none","transfer-encoding":"chunked"}
[debug] [2020-08-06T22:04:59.371Z] >>> HTTP REQUEST GET https://cloudfunctions.googleapis.com/v1/operations/bWFuYWRvcG9zdC1mNGE2Ny91cy1jZW50cmFsMS9wdXNoTm90aWZpY2F0aW9uLzdzWm9XeGExTWU4  
 
[debug] [2020-08-06T22:04:59.905Z] <<< HTTP RESPONSE 200 {"content-type":"application/json; charset=UTF-8","vary":"X-Origin, Referer, Origin,Accept-Encoding","date":"Thu, 06 Aug 2020 22:04:59 GMT","server":"ESF","cache-control":"private","x-xss-protection":"0","x-frame-options":"SAMEORIGIN","x-content-type-options":"nosniff","alt-svc":"h3-29=\":443\"; ma=2592000,h3-27=\":443\"; ma=2592000,h3-T050=\":443\"; ma=2592000,h3-Q050=\":443\"; ma=2592000,h3-Q046=\":443\"; ma=2592000,h3-Q043=\":443\"; ma=2592000,quic=\":443\"; ma=2592000; v=\"46,43\"","accept-ranges":"none","transfer-encoding":"chunked"}
[debug] [2020-08-06T22:05:01.907Z] >>> HTTP REQUEST GET https://cloudfunctions.googleapis.com/v1/operations/bWFuYWRvcG9zdC1mNGE2Ny91cy1jZW50cmFsMS9wdXNoTm90aWZpY2F0aW9uLzdzWm9XeGExTWU4  
 
[debug] [2020-08-06T22:05:02.466Z] <<< HTTP RESPONSE 200 {"content-type":"application/json; charset=UTF-8","vary":"X-Origin, Referer, Origin,Accept-Encoding","date":"Thu, 06 Aug 2020 22:05:02 GMT","server":"ESF","cache-control":"private","x-xss-protection":"0","x-frame-options":"SAMEORIGIN","x-content-type-options":"nosniff","alt-svc":"h3-29=\":443\"; ma=2592000,h3-27=\":443\"; ma=2592000,h3-T050=\":443\"; ma=2592000,h3-Q050=\":443\"; ma=2592000,h3-Q046=\":443\"; ma=2592000,h3-Q043=\":443\"; ma=2592000,quic=\":443\"; ma=2592000; v=\"46,43\"","accept-ranges":"none","transfer-encoding":"chunked"}
[debug] [2020-08-06T22:05:04.471Z] >>> HTTP REQUEST GET https://cloudfunctions.googleapis.com/v1/operations/bWFuYWRvcG9zdC1mNGE2Ny91cy1jZW50cmFsMS9wdXNoTm90aWZpY2F0aW9uLzdzWm9XeGExTWU4  
 
[debug] [2020-08-06T22:05:04.911Z] <<< HTTP RESPONSE 200 {"content-type":"application/json; charset=UTF-8","vary":"X-Origin, Referer, Origin,Accept-Encoding","date":"Thu, 06 Aug 2020 22:05:04 GMT","server":"ESF","cache-control":"private","x-xss-protection":"0","x-frame-options":"SAMEORIGIN","x-content-type-options":"nosniff","alt-svc":"h3-29=\":443\"; ma=2592000,h3-27=\":443\"; ma=2592000,h3-T050=\":443\"; ma=2592000,h3-Q050=\":443\"; ma=2592000,h3-Q046=\":443\"; ma=2592000,h3-Q043=\":443\"; ma=2592000,quic=\":443\"; ma=2592000; v=\"46,43\"","accept-ranges":"none","transfer-encoding":"chunked"}
[debug] [2020-08-06T22:05:06.913Z] >>> HTTP REQUEST GET https://cloudfunctions.googleapis.com/v1/operations/bWFuYWRvcG9zdC1mNGE2Ny91cy1jZW50cmFsMS9wdXNoTm90aWZpY2F0aW9uLzdzWm9XeGExTWU4  
 
[debug] [2020-08-06T22:05:07.358Z] <<< HTTP RESPONSE 200 {"content-type":"application/json; charset=UTF-8","vary":"X-Origin, Referer, Origin,Accept-Encoding","date":"Thu, 06 Aug 2020 22:05:07 GMT","server":"ESF","cache-control":"private","x-xss-protection":"0","x-frame-options":"SAMEORIGIN","x-content-type-options":"nosniff","alt-svc":"h3-29=\":443\"; ma=2592000,h3-27=\":443\"; ma=2592000,h3-T050=\":443\"; ma=2592000,h3-Q050=\":443\"; ma=2592000,h3-Q046=\":443\"; ma=2592000,h3-Q043=\":443\"; ma=2592000,quic=\":443\"; ma=2592000; v=\"46,43\"","accept-ranges":"none","transfer-encoding":"chunked"}
[debug] [2020-08-06T22:05:09.360Z] >>> HTTP REQUEST GET https://cloudfunctions.googleapis.com/v1/operations/bWFuYWRvcG9zdC1mNGE2Ny91cy1jZW50cmFsMS9wdXNoTm90aWZpY2F0aW9uLzdzWm9XeGExTWU4  
 
[debug] [2020-08-06T22:05:09.838Z] <<< HTTP RESPONSE 200 {"content-type":"application/json; charset=UTF-8","vary":"X-Origin, Referer, Origin,Accept-Encoding","date":"Thu, 06 Aug 2020 22:05:09 GMT","server":"ESF","cache-control":"private","x-xss-protection":"0","x-frame-options":"SAMEORIGIN","x-content-type-options":"nosniff","alt-svc":"h3-29=\":443\"; ma=2592000,h3-27=\":443\"; ma=2592000,h3-T050=\":443\"; ma=2592000,h3-Q050=\":443\"; ma=2592000,h3-Q046=\":443\"; ma=2592000,h3-Q043=\":443\"; ma=2592000,quic=\":443\"; ma=2592000; v=\"46,43\"","accept-ranges":"none","transfer-encoding":"chunked"}
[debug] [2020-08-06T22:05:11.841Z] >>> HTTP REQUEST GET https://cloudfunctions.googleapis.com/v1/operations/bWFuYWRvcG9zdC1mNGE2Ny91cy1jZW50cmFsMS9wdXNoTm90aWZpY2F0aW9uLzdzWm9XeGExTWU4  
 
[debug] [2020-08-06T22:05:12.398Z] <<< HTTP RESPONSE 200 {"content-type":"application/json; charset=UTF-8","vary":"X-Origin, Referer, Origin,Accept-Encoding","date":"Thu, 06 Aug 2020 22:05:12 GMT","server":"ESF","cache-control":"private","x-xss-protection":"0","x-frame-options":"SAMEORIGIN","x-content-type-options":"nosniff","alt-svc":"h3-29=\":443\"; ma=2592000,h3-27=\":443\"; ma=2592000,h3-T050=\":443\"; ma=2592000,h3-Q050=\":443\"; ma=2592000,h3-Q046=\":443\"; ma=2592000,h3-Q043=\":443\"; ma=2592000,quic=\":443\"; ma=2592000; v=\"46,43\"","accept-ranges":"none","transfer-encoding":"chunked"}
[debug] [2020-08-06T22:05:14.400Z] >>> HTTP REQUEST GET https://cloudfunctions.googleapis.com/v1/operations/bWFuYWRvcG9zdC1mNGE2Ny91cy1jZW50cmFsMS9wdXNoTm90aWZpY2F0aW9uLzdzWm9XeGExTWU4  
 
[debug] [2020-08-06T22:05:14.856Z] <<< HTTP RESPONSE 200 {"content-type":"application/json; charset=UTF-8","vary":"X-Origin, Referer, Origin,Accept-Encoding","date":"Thu, 06 Aug 2020 22:05:14 GMT","server":"ESF","cache-control":"private","x-xss-protection":"0","x-frame-options":"SAMEORIGIN","x-content-type-options":"nosniff","alt-svc":"h3-29=\":443\"; ma=2592000,h3-27=\":443\"; ma=2592000,h3-T050=\":443\"; ma=2592000,h3-Q050=\":443\"; ma=2592000,h3-Q046=\":443\"; ma=2592000,h3-Q043=\":443\"; ma=2592000,quic=\":443\"; ma=2592000; v=\"46,43\"","accept-ranges":"none","transfer-encoding":"chunked"}
[debug] [2020-08-06T22:05:16.858Z] >>> HTTP REQUEST GET https://cloudfunctions.googleapis.com/v1/operations/bWFuYWRvcG9zdC1mNGE2Ny91cy1jZW50cmFsMS9wdXNoTm90aWZpY2F0aW9uLzdzWm9XeGExTWU4  
 
[debug] [2020-08-06T22:05:17.420Z] <<< HTTP RESPONSE 200 {"content-type":"application/json; charset=UTF-8","vary":"X-Origin, Referer, Origin,Accept-Encoding","date":"Thu, 06 Aug 2020 22:05:17 GMT","server":"ESF","cache-control":"private","x-xss-protection":"0","x-frame-options":"SAMEORIGIN","x-content-type-options":"nosniff","alt-svc":"h3-29=\":443\"; ma=2592000,h3-27=\":443\"; ma=2592000,h3-T050=\":443\"; ma=2592000,h3-Q050=\":443\"; ma=2592000,h3-Q046=\":443\"; ma=2592000,h3-Q043=\":443\"; ma=2592000,quic=\":443\"; ma=2592000; v=\"46,43\"","accept-ranges":"none","transfer-encoding":"chunked"}
[debug] [2020-08-06T22:05:19.424Z] >>> HTTP REQUEST GET https://cloudfunctions.googleapis.com/v1/operations/bWFuYWRvcG9zdC1mNGE2Ny91cy1jZW50cmFsMS9wdXNoTm90aWZpY2F0aW9uLzdzWm9XeGExTWU4  
 
[debug] [2020-08-06T22:05:19.873Z] <<< HTTP RESPONSE 200 {"content-type":"application/json; charset=UTF-8","vary":"X-Origin, Referer, Origin,Accept-Encoding","date":"Thu, 06 Aug 2020 22:05:19 GMT","server":"ESF","cache-control":"private","x-xss-protection":"0","x-frame-options":"SAMEORIGIN","x-content-type-options":"nosniff","alt-svc":"h3-29=\":443\"; ma=2592000,h3-27=\":443\"; ma=2592000,h3-T050=\":443\"; ma=2592000,h3-Q050=\":443\"; ma=2592000,h3-Q046=\":443\"; ma=2592000,h3-Q043=\":443\"; ma=2592000,quic=\":443\"; ma=2592000; v=\"46,43\"","accept-ranges":"none","transfer-encoding":"chunked"}
[debug] [2020-08-06T22:05:21.875Z] >>> HTTP REQUEST GET https://cloudfunctions.googleapis.com/v1/operations/bWFuYWRvcG9zdC1mNGE2Ny91cy1jZW50cmFsMS9wdXNoTm90aWZpY2F0aW9uLzdzWm9XeGExTWU4  
 
[debug] [2020-08-06T22:05:22.332Z] <<< HTTP RESPONSE 200 {"content-type":"application/json; charset=UTF-8","vary":"X-Origin, Referer, Origin,Accept-Encoding","date":"Thu, 06 Aug 2020 22:05:22 GMT","server":"ESF","cache-control":"private","x-xss-protection":"0","x-frame-options":"SAMEORIGIN","x-content-type-options":"nosniff","alt-svc":"h3-29=\":443\"; ma=2592000,h3-27=\":443\"; ma=2592000,h3-T050=\":443\"; ma=2592000,h3-Q050=\":443\"; ma=2592000,h3-Q046=\":443\"; ma=2592000,h3-Q043=\":443\"; ma=2592000,quic=\":443\"; ma=2592000; v=\"46,43\"","accept-ranges":"none","transfer-encoding":"chunked"}
[debug] [2020-08-06T22:05:24.334Z] >>> HTTP REQUEST GET https://cloudfunctions.googleapis.com/v1/operations/bWFuYWRvcG9zdC1mNGE2Ny91cy1jZW50cmFsMS9wdXNoTm90aWZpY2F0aW9uLzdzWm9XeGExTWU4  
 
[debug] [2020-08-06T22:05:25.096Z] <<< HTTP RESPONSE 200 {"content-type":"application/json; charset=UTF-8","vary":"X-Origin, Referer, Origin,Accept-Encoding","date":"Thu, 06 Aug 2020 22:05:24 GMT","server":"ESF","cache-control":"private","x-xss-protection":"0","x-frame-options":"SAMEORIGIN","x-content-type-options":"nosniff","alt-svc":"h3-29=\":443\"; ma=2592000,h3-27=\":443\"; ma=2592000,h3-T050=\":443\"; ma=2592000,h3-Q050=\":443\"; ma=2592000,h3-Q046=\":443\"; ma=2592000,h3-Q043=\":443\"; ma=2592000,quic=\":443\"; ma=2592000; v=\"46,43\"","accept-ranges":"none","transfer-encoding":"chunked"}
[debug] [2020-08-06T22:05:27.103Z] >>> HTTP REQUEST GET https://cloudfunctions.googleapis.com/v1/operations/bWFuYWRvcG9zdC1mNGE2Ny91cy1jZW50cmFsMS9wdXNoTm90aWZpY2F0aW9uLzdzWm9XeGExTWU4  
 
[debug] [2020-08-06T22:05:27.546Z] <<< HTTP RESPONSE 200 {"content-type":"application/json; charset=UTF-8","vary":"X-Origin, Referer, Origin,Accept-Encoding","date":"Thu, 06 Aug 2020 22:05:27 GMT","server":"ESF","cache-control":"private","x-xss-protection":"0","x-frame-options":"SAMEORIGIN","x-content-type-options":"nosniff","alt-svc":"h3-29=\":443\"; ma=2592000,h3-27=\":443\"; ma=2592000,h3-T050=\":443\"; ma=2592000,h3-Q050=\":443\"; ma=2592000,h3-Q046=\":443\"; ma=2592000,h3-Q043=\":443\"; ma=2592000,quic=\":443\"; ma=2592000; v=\"46,43\"","accept-ranges":"none","transfer-encoding":"chunked"}
